2025-05-01 20:34:41:3441 [32minfo[39m: [32mServer running on port 4000[39m
2025-05-01 20:39:28:3928 [31merror[39m: [31m[39m
[31mInvalid `prisma.product.findMany()` invocation in[39m
[31m/usr/src/app/src/controllers/product.controller.ts:140:51[39m

[31m  137 const { limit = '8' } = req.query;[39m
[31m  138 const limitNum = parseInt(limit as string, 10);[39m
[31m  139 [39m
[31m→ 140 const featuredProducts = await prisma.product.findMany([39m
[31mDatabase `ecommerce` does not exist on the database server at `postgres:5432`. PrismaClientInitializationError: [39m
[31mInvalid `prisma.product.findMany()` invocation in[39m
[31m/usr/src/app/src/controllers/product.controller.ts:140:51[39m

[31m  137 const { limit = '8' } = req.query;[39m
[31m  138 const limitNum = parseInt(limit as string, 10);[39m
[31m  139 [39m
[31m→ 140 const featuredProducts = await prisma.product.findMany([39m
[31mDatabase `ecommerce` does not exist on the database server at `postgres:5432`.[39m
[31m    at Rn.handleRequestError (/usr/src/app/node_modules/@prisma/client/runtime/library.js:174:7601)[39m
[31m    at Rn.handleAndLogRequestError (/usr/src/app/node_modules/@prisma/client/runtime/library.js:174:6754)[39m
[31m    at /usr/src/app/node_modules/@prisma/client/runtime/library.js:177:3010[39m
[31m    at /usr/src/app/node_modules/@prisma/client/runtime/library.js:177:3225[39m
[31m    at t._executeRequest (/usr/src/app/node_modules/@prisma/client/runtime/library.js:177:11403)[39m
[31m    at getFeaturedProducts (/usr/src/app/src/controllers/product.controller.ts:140:30)[39m
2025-05-01 20:40:34:4034 [32minfo[39m: [32mReceived shutdown signal, closing connections...[39m
2025-05-01 20:40:44:4044 [32minfo[39m: [32mServer running on port 4000[39m
2025-05-01 20:49:40:4940 [32minfo[39m: [32mReceived shutdown signal, closing connections...[39m
2025-05-01 20:49:40:4940 [32minfo[39m: [32mHTTP server closed[39m
2025-05-01 20:49:40:4940 [32minfo[39m: [32mDatabase connections closed[39m
2025-05-01 20:51:53:5153 [32minfo[39m: [32mServer running on port 4000[39m
2025-05-01 21:37:17:3717 [32minfo[39m: [32mReceived shutdown signal, closing connections...[39m
2025-05-01 21:37:17:3717 [32minfo[39m: [32mHTTP server closed[39m
2025-05-01 21:37:17:3717 [32minfo[39m: [32mDatabase connections closed[39m
2025-05-01 21:37:42:3742 [32minfo[39m: [32mServer running on port 4000[39m
2025-05-01 21:50:32:5032 [32minfo[39m: [32mReceived shutdown signal, closing connections...[39m
2025-05-01 21:50:32:5032 [32minfo[39m: [32mHTTP server closed[39m
2025-05-01 21:50:32:5032 [32minfo[39m: [32mDatabase connections closed[39m
2025-05-01 21:50:50:5050 [32minfo[39m: [32mServer running on port 4000[39m
2025-05-02 11:53:52:5352 [32minfo[39m: [32mServer running on port 4000[39m
2025-05-02 12:04:50:450 [32minfo[39m: [32mReceived shutdown signal, closing connections...[39m
2025-05-02 12:10:41:1041 [32minfo[39m: [32mServer running on port 4000[39m
2025-05-02 12:18:27:1827 [32minfo[39m: [32mReceived shutdown signal, closing connections...[39m
2025-05-02 12:23:41:2341 [32minfo[39m: [32mServer running on port 4000[39m
2025-05-02 12:29:57:2957 [32minfo[39m: [32mReceived shutdown signal, closing connections...[39m
2025-05-02 12:36:47:3647 [32minfo[39m: [32mServer running on port 4000[39m
